<?xml version="1.0" encoding="UTF-8"?>
<!-- Generated by org.testng.reporters.JUnitReportReporter -->
<testsuite hostname="COL-LT-220411B" failures="0" tests="1" name="test2" time="0.004" errors="0" timestamp="2022-08-16T15:48:52 COT" skipped="0">
  <testcase classname="test2" name="setup" time="0.004"/>
  <system-out/>
</testsuite> <!-- test2 -->
